This file contains any messages produced by compilers while
running configure, to aid debugging if configure makes a mistake.

It was created by libconfig configure 1.4.9, which was
generated by GNU Autoconf 2.68.  Invocation command line was

  $ ./configure CC=armv5-linux-gcc CXX=armv5-linux-g++ --host=arm --prefix=/home/xtra/work/ftm-50s/rootfs

## --------- ##
## Platform. ##
## --------- ##

hostname = ubuntu
uname -m = i686
uname -r = 3.8.0-29-generic
uname -s = Linux
uname -v = #42~precise1-Ubuntu SMP Wed Aug 14 15:31:16 UTC 2013

/usr/bin/uname -p = unknown
/bin/uname -X     = unknown

/bin/arch              = unknown
/usr/bin/arch -k       = unknown
/usr/convex/getsysinfo = unknown
/usr/bin/hostinfo      = unknown
/bin/machine           = unknown
/usr/bin/oslevel       = unknown
/bin/universe          = unknown

PATH: /usr/local/sbin
PATH: /usr/local/bin
PATH: /usr/sbin
PATH: /usr/bin
PATH: /sbin
PATH: /bin
PATH: /usr/games
PATH: /opt/STM/STLinux-2.4/devkit/armv5/bin
PATH: .


## ----------- ##
## Core tests. ##
## ----------- ##

configure:2375: checking build system type
configure:2389: result: i686-pc-linux-gnu
configure:2409: checking host system type
configure:2422: result: arm-unknown-none
configure:2442: checking target system type
configure:2455: result: arm-unknown-none
configure:2497: checking for a BSD-compatible install
configure:2565: result: /usr/bin/install -c
configure:2576: checking whether build environment is sane
configure:2626: result: yes
configure:2675: checking for arm-strip
configure:2705: result: no
configure:2715: checking for strip
configure:2731: found /usr/bin/strip
configure:2742: result: strip
configure:2767: checking for a thread-safe mkdir -p
configure:2806: result: /bin/mkdir -p
configure:2819: checking for gawk
configure:2849: result: no
configure:2819: checking for mawk
configure:2835: found /usr/bin/mawk
configure:2846: result: mawk
configure:2857: checking whether make sets $(MAKE)
configure:2879: result: yes
configure:2962: libconfig - made with pride in California
configure:2985: checking for style of include used by make
configure:3013: result: GNU
configure:3043: checking for arm-gcc
configure:3070: result: armv5-linux-gcc
configure:3339: checking for C compiler version
configure:3348: armv5-linux-gcc --version >&5
armv5-linux-gcc (GCC) 4.7.2 20130102 (STMicroelectronics/Linux Base 4.7.2-120)
Copyright (C) 2012 Free Software Foundation, Inc.
This is free software; see the source for copying conditions.  There is NO
warranty; not even for MERCHANTABILITY or FITNESS FOR A PARTICULAR PURPOSE.

configure:3359: $? = 0
configure:3348: armv5-linux-gcc -v >&5
Using built-in specs.
COLLECT_GCC=armv5-linux-gcc
COLLECT_LTO_WRAPPER=/opt/STM/STLinux-2.4/devkit/armv5/libexec/gcc/arm-926ejs-linux-gnueabi/4.7.2/lto-wrapper
Target: arm-926ejs-linux-gnueabi
Configured with: ../configure --target=arm-926ejs-linux-gnueabi --prefix=/opt/STM/STLinux-2.4/devkit/armv5 --exec-prefix=/opt/STM/STLinux-2.4/devkit/armv5 --bindir=/opt/STM/STLinux-2.4/devkit/armv5/bin --sbindir=/opt/STM/STLinux-2.4/devkit/armv5/sbin --sysconfdir=/opt/STM/STLinux-2.4/devkit/armv5/etc --datadir=/opt/STM/STLinux-2.4/devkit/armv5/share --includedir=/opt/STM/STLinux-2.4/devkit/armv5/include --libdir=/opt/STM/STLinux-2.4/devkit/armv5/lib --libexecdir=/opt/STM/STLinux-2.4/devkit/armv5/libexec --localstatedir=/opt/STM/STLinux-2.4/devkit/armv5/var --sharedstatedir=/opt/STM/STLinux-2.4/devkit/armv5/share --mandir=/opt/STM/STLinux-2.4/devkit/armv5/man --infodir=/opt/STM/STLinux-2.4/devkit/armv5/info --program-prefix=armv5-linux- --with-local-prefix=/opt/STM/STLinux-2.4/devkit/armv5 --with-sysroot=/opt/STM/STLinux-2.4/devkit/armv5/target --enable-target-optspace --enable-languages=c,c++ --enable-threads=posix --disable-multilib --enable-nls --enable-c99 --enable-long-long --with-system-zlib --enable-shared --disable-libgomp --with-pkgversion=GCC --with-bugurl=https://bugzilla.stlinux.com --disable-libitm --enable-symvers=gnu --with-mpc=/opt/STM/STLinux-2.4/devkit/armv5 --with-gmp=/opt/STM/STLinux-2.4/devkit/armv5 --with-mpfr=/opt/STM/STLinux-2.4/devkit/armv5 --without-ppl --with-gxx-include-dir='${prefix}/target/usr/include/c++/4.7.2' --enable-__cxa_atexit --with-float=soft --enable-cxx-flags=-msoft-float --with-tls=gnu2 --with-cpu=arm926ej-s
Thread model: posix
gcc version 4.7.2 20130102 (STMicroelectronics/Linux Base 4.7.2-120) (GCC) 
configure:3359: $? = 0
configure:3348: armv5-linux-gcc -V >&5
armv5-linux-gcc: error: unrecognized command line option '-V'
armv5-linux-gcc: fatal error: no input files
compilation terminated.
configure:3359: $? = 1
configure:3348: armv5-linux-gcc -qversion >&5
armv5-linux-gcc: error: unrecognized command line option '-qversion'
armv5-linux-gcc: fatal error: no input files
compilation terminated.
configure:3359: $? = 1
configure:3379: checking whether the C compiler works
configure:3401: armv5-linux-gcc    conftest.c  >&5
configure:3405: $? = 0
configure:3453: result: yes
configure:3456: checking for C compiler default output file name
configure:3458: result: a.out
configure:3464: checking for suffix of executables
configure:3471: armv5-linux-gcc -o conftest    conftest.c  >&5
configure:3475: $? = 0
configure:3497: result: 
configure:3519: checking whether we are cross compiling
configure:3527: armv5-linux-gcc -o conftest    conftest.c  >&5
configure:3531: $? = 0
configure:3538: ./conftest
./configure: line 3540: ./conftest: cannot execute binary file
configure:3542: $? = 126
configure:3557: result: yes
configure:3562: checking for suffix of object files
configure:3584: armv5-linux-gcc -c   conftest.c >&5
configure:3588: $? = 0
configure:3609: result: o
configure:3613: checking whether we are using the GNU C compiler
configure:3632: armv5-linux-gcc -c   conftest.c >&5
configure:3632: $? = 0
configure:3641: result: yes
configure:3650: checking whether armv5-linux-gcc accepts -g
configure:3670: armv5-linux-gcc -c -g  conftest.c >&5
configure:3670: $? = 0
configure:3711: result: yes
configure:3728: checking for armv5-linux-gcc option to accept ISO C89
configure:3792: armv5-linux-gcc  -c -g -O2  conftest.c >&5
configure:3792: $? = 0
configure:3805: result: none needed
configure:3827: checking dependency style of armv5-linux-gcc
configure:3937: result: gcc3
configure:3958: checking how to run the C preprocessor
configure:3989: armv5-linux-gcc -E  conftest.c
configure:3989: $? = 0
configure:4003: armv5-linux-gcc -E  conftest.c
conftest.c:12:28: fatal error: ac_nonexistent.h: No such file or directory
compilation terminated.
configure:4003: $? = 1
configure: failed program was:
| /* confdefs.h */
| #define PACKAGE_NAME "libconfig"
| #define PACKAGE_TARNAME "libconfig"
| #define PACKAGE_VERSION "1.4.9"
| #define PACKAGE_STRING "libconfig 1.4.9"
| #define PACKAGE_BUGREPORT "hyperrealm@gmail.com"
| #define PACKAGE_URL "http://www.hyperrealm.com/main.php?s=libconfig"
| #define PACKAGE "libconfig"
| #define VERSION "1.4.9"
| #define TARGET "arm-unknown-none"
| /* end confdefs.h.  */
| #include <ac_nonexistent.h>
configure:4028: result: armv5-linux-gcc -E
configure:4048: armv5-linux-gcc -E  conftest.c
configure:4048: $? = 0
configure:4062: armv5-linux-gcc -E  conftest.c
conftest.c:12:28: fatal error: ac_nonexistent.h: No such file or directory
compilation terminated.
configure:4062: $? = 1
configure: failed program was:
| /* confdefs.h */
| #define PACKAGE_NAME "libconfig"
| #define PACKAGE_TARNAME "libconfig"
| #define PACKAGE_VERSION "1.4.9"
| #define PACKAGE_STRING "libconfig 1.4.9"
| #define PACKAGE_BUGREPORT "hyperrealm@gmail.com"
| #define PACKAGE_URL "http://www.hyperrealm.com/main.php?s=libconfig"
| #define PACKAGE "libconfig"
| #define VERSION "1.4.9"
| #define TARGET "arm-unknown-none"
| /* end confdefs.h.  */
| #include <ac_nonexistent.h>
configure:4091: checking for grep that handles long lines and -e
configure:4149: result: /bin/grep
configure:4154: checking for egrep
configure:4216: result: /bin/grep -E
configure:4221: checking for ANSI C header files
configure:4241: armv5-linux-gcc -c -g -O2  conftest.c >&5
configure:4241: $? = 0
configure:4325: result: yes
configure:4338: checking for sys/types.h
configure:4338: armv5-linux-gcc -c -g -O2  conftest.c >&5
configure:4338: $? = 0
configure:4338: result: yes
configure:4338: checking for sys/stat.h
configure:4338: armv5-linux-gcc -c -g -O2  conftest.c >&5
configure:4338: $? = 0
configure:4338: result: yes
configure:4338: checking for stdlib.h
configure:4338: armv5-linux-gcc -c -g -O2  conftest.c >&5
configure:4338: $? = 0
configure:4338: result: yes
configure:4338: checking for string.h
configure:4338: armv5-linux-gcc -c -g -O2  conftest.c >&5
configure:4338: $? = 0
configure:4338: result: yes
configure:4338: checking for memory.h
configure:4338: armv5-linux-gcc -c -g -O2  conftest.c >&5
configure:4338: $? = 0
configure:4338: result: yes
configure:4338: checking for strings.h
configure:4338: armv5-linux-gcc -c -g -O2  conftest.c >&5
configure:4338: $? = 0
configure:4338: result: yes
configure:4338: checking for inttypes.h
configure:4338: armv5-linux-gcc -c -g -O2  conftest.c >&5
configure:4338: $? = 0
configure:4338: result: yes
configure:4338: checking for stdint.h
configure:4338: armv5-linux-gcc -c -g -O2  conftest.c >&5
configure:4338: $? = 0
configure:4338: result: yes
configure:4338: checking for unistd.h
configure:4338: armv5-linux-gcc -c -g -O2  conftest.c >&5
configure:4338: $? = 0
configure:4338: result: yes
configure:4351: checking minix/config.h usability
configure:4351: armv5-linux-gcc -c -g -O2  conftest.c >&5
conftest.c:55:26: fatal error: minix/config.h: No such file or directory
compilation terminated.
configure:4351: $? = 1
configure: failed program was:
| /* confdefs.h */
| #define PACKAGE_NAME "libconfig"
| #define PACKAGE_TARNAME "libconfig"
| #define PACKAGE_VERSION "1.4.9"
| #define PACKAGE_STRING "libconfig 1.4.9"
| #define PACKAGE_BUGREPORT "hyperrealm@gmail.com"
| #define PACKAGE_URL "http://www.hyperrealm.com/main.php?s=libconfig"
| #define PACKAGE "libconfig"
| #define VERSION "1.4.9"
| #define TARGET "arm-unknown-none"
| #define STDC_HEADERS 1
| #define HAVE_SYS_TYPES_H 1
| #define HAVE_SYS_STAT_H 1
| #define HAVE_STDLIB_H 1
| #define HAVE_STRING_H 1
| #define HAVE_MEMORY_H 1
| #define HAVE_STRINGS_H 1
| #define HAVE_INTTYPES_H 1
| #define HAVE_STDINT_H 1
| #define HAVE_UNISTD_H 1
| /* end confdefs.h.  */
| #include <stdio.h>
| #ifdef HAVE_SYS_TYPES_H
| # include <sys/types.h>
| #endif
| #ifdef HAVE_SYS_STAT_H
| # include <sys/stat.h>
| #endif
| #ifdef STDC_HEADERS
| # include <stdlib.h>
| # include <stddef.h>
| #else
| # ifdef HAVE_STDLIB_H
| #  include <stdlib.h>
| # endif
| #endif
| #ifdef HAVE_STRING_H
| # if !defined STDC_HEADERS && defined HAVE_MEMORY_H
| #  include <memory.h>
| # endif
| # include <string.h>
| #endif
| #ifdef HAVE_STRINGS_H
| # include <strings.h>
| #endif
| #ifdef HAVE_INTTYPES_H
| # include <inttypes.h>
| #endif
| #ifdef HAVE_STDINT_H
| # include <stdint.h>
| #endif
| #ifdef HAVE_UNISTD_H
| # include <unistd.h>
| #endif
| #include <minix/config.h>
configure:4351: result: no
configure:4351: checking minix/config.h presence
configure:4351: armv5-linux-gcc -E  conftest.c
conftest.c:22:26: fatal error: minix/config.h: No such file or directory
compilation terminated.
configure:4351: $? = 1
configure: failed program was:
| /* confdefs.h */
| #define PACKAGE_NAME "libconfig"
| #define PACKAGE_TARNAME "libconfig"
| #define PACKAGE_VERSION "1.4.9"
| #define PACKAGE_STRING "libconfig 1.4.9"
| #define PACKAGE_BUGREPORT "hyperrealm@gmail.com"
| #define PACKAGE_URL "http://www.hyperrealm.com/main.php?s=libconfig"
| #define PACKAGE "libconfig"
| #define VERSION "1.4.9"
| #define TARGET "arm-unknown-none"
| #define STDC_HEADERS 1
| #define HAVE_SYS_TYPES_H 1
| #define HAVE_SYS_STAT_H 1
| #define HAVE_STDLIB_H 1
| #define HAVE_STRING_H 1
| #define HAVE_MEMORY_H 1
| #define HAVE_STRINGS_H 1
| #define HAVE_INTTYPES_H 1
| #define HAVE_STDINT_H 1
| #define HAVE_UNISTD_H 1
| /* end confdefs.h.  */
| #include <minix/config.h>
configure:4351: result: no
configure:4351: checking for minix/config.h
configure:4351: result: no
configure:4372: checking whether it is safe to define __EXTENSIONS__
configure:4390: armv5-linux-gcc -c -g -O2  conftest.c >&5
configure:4390: $? = 0
configure:4397: result: yes
configure:4459: checking how to print strings
configure:4486: result: printf
configure:4507: checking for a sed that does not truncate output
configure:4571: result: /bin/sed
configure:4589: checking for fgrep
configure:4651: result: /bin/grep -F
configure:4686: checking for ld used by armv5-linux-gcc
configure:4753: result: /opt/STM/STLinux-2.4/devkit/armv5/arm-926ejs-linux-gnueabi/bin/ld
configure:4760: checking if the linker (/opt/STM/STLinux-2.4/devkit/armv5/arm-926ejs-linux-gnueabi/bin/ld) is GNU ld
configure:4775: result: yes
configure:4787: checking for BSD- or MS-compatible name lister (nm)
configure:4836: result: no
configure:4850: checking for arm-dumpbin
configure:4880: result: no
configure:4850: checking for arm-link
configure:4880: result: no
configure:4894: checking for dumpbin
configure:4924: result: no
configure:4894: checking for link
configure:4910: found /usr/bin/link
configure:4921: result: link -dump
configure:4937: WARNING: using cross tools not prefixed with host triplet
configure:4966: checking the name lister (nm) interface
configure:4973: armv5-linux-gcc -c -g -O2  conftest.c >&5
configure:4976: nm "conftest.o"
configure:4979: output
00000000 b $d
00000000 B some_variable
configure:4986: result: BSD nm
configure:4989: checking whether ln -s works
configure:4993: result: yes
configure:5001: checking the maximum length of command line arguments
configure:5131: result: 1572864
configure:5148: checking whether the shell understands some XSI constructs
configure:5158: result: yes
configure:5162: checking whether the shell understands "+="
configure:5168: result: yes
configure:5203: checking how to convert i686-pc-linux-gnu file names to arm-unknown-none format
configure:5243: result: func_convert_file_noop
configure:5250: checking how to convert i686-pc-linux-gnu file names to toolchain format
configure:5270: result: func_convert_file_noop
configure:5277: checking for /opt/STM/STLinux-2.4/devkit/armv5/arm-926ejs-linux-gnueabi/bin/ld option to reload object files
configure:5284: result: -r
configure:5318: checking for arm-objdump
configure:5348: result: no
configure:5358: checking for objdump
configure:5374: found /usr/bin/objdump
configure:5385: result: objdump
configure:5417: checking how to recognize dependent libraries
configure:5619: result: unknown
configure:5664: checking for arm-dlltool
configure:5694: result: no
configure:5704: checking for dlltool
configure:5734: result: no
configure:5764: checking how to associate runtime and link libraries
configure:5791: result: printf %s\n
configure:5807: checking for arm-ar
configure:5837: result: no
configure:5851: checking for ar
configure:5867: found /usr/bin/ar
configure:5878: result: ar
configure:5915: checking for archiver @FILE support
configure:5932: armv5-linux-gcc -c -g -O2  conftest.c >&5
configure:5932: $? = 0
configure:5935: ar cru libconftest.a @conftest.lst >&5
configure:5938: $? = 0
configure:5943: ar cru libconftest.a @conftest.lst >&5
ar: conftest.o: No such file or directory
configure:5946: $? = 1
configure:5958: result: @
configure:5976: checking for arm-strip
configure:6003: result: strip
configure:6075: checking for arm-ranlib
configure:6105: result: no
configure:6115: checking for ranlib
configure:6131: found /usr/bin/ranlib
configure:6142: result: ranlib
configure:6244: checking command to parse nm output from armv5-linux-gcc object
configure:6364: armv5-linux-gcc -c -g -O2  conftest.c >&5
configure:6367: $? = 0
configure:6371: nm conftest.o \| sed -n -e 's/^.*[ ]\([ABCDGIRSTW][ABCDGIRSTW]*\)[ ][ ]*\([_A-Za-z][_A-Za-z0-9]*\)$/\1 \2 \2/p' | sed '/ __gnu_lto/d' \> conftest.nm
configure:6374: $? = 0
configure:6440: armv5-linux-gcc -o conftest -g -O2   conftest.c conftstm.o >&5
configure:6443: $? = 0
configure:6481: result: ok
configure:6518: checking for sysroot
configure:6548: result: no
configure:6764: checking for arm-mt
configure:6794: result: no
configure:6804: checking for mt
configure:6820: found /bin/mt
configure:6831: result: mt
configure:6854: checking if mt is a manifest tool
configure:6860: mt '-?'
configure:6868: result: no
configure:7507: checking for dlfcn.h
configure:7507: armv5-linux-gcc -c -g -O2  conftest.c >&5
configure:7507: $? = 0
configure:7507: result: yes
configure:7713: checking for objdir
configure:7728: result: .libs
configure:7995: checking if armv5-linux-gcc supports -fno-rtti -fno-exceptions
configure:8013: armv5-linux-gcc -c -g -O2  -fno-rtti -fno-exceptions conftest.c >&5
cc1: warning: command line option '-fno-rtti' is valid for C++/ObjC++ but not for C [enabled by default]
configure:8017: $? = 0
configure:8030: result: no
configure:8357: checking for armv5-linux-gcc option to produce PIC
configure:8364: result: -fPIC -DPIC
configure:8372: checking if armv5-linux-gcc PIC flag -fPIC -DPIC works
configure:8390: armv5-linux-gcc -c -g -O2  -fPIC -DPIC -DPIC conftest.c >&5
configure:8394: $? = 0
configure:8407: result: yes
configure:8436: checking if armv5-linux-gcc static flag -static works
configure:8464: result: yes
configure:8479: checking if armv5-linux-gcc supports -c -o file.o
configure:8500: armv5-linux-gcc -c -g -O2  -o out/conftest2.o conftest.c >&5
configure:8504: $? = 0
configure:8526: result: yes
configure:8534: checking if armv5-linux-gcc supports -c -o file.o
configure:8581: result: yes
configure:8614: checking whether the armv5-linux-gcc linker (/opt/STM/STLinux-2.4/devkit/armv5/arm-926ejs-linux-gnueabi/bin/ld) supports shared libraries
configure:9767: result: yes
configure:9804: checking whether -lc should be explicitly linked in
configure:9812: armv5-linux-gcc -c -g -O2  conftest.c >&5
configure:9815: $? = 0
configure:9830: armv5-linux-gcc -shared  -fPIC -DPIC conftest.o  -v -Wl,-soname -Wl,conftest -o conftest 2\>\&1 \| /bin/grep  -lc  \>/dev/null 2\>\&1
configure:9833: $? = 0
configure:9847: result: no
configure:10007: checking dynamic linker characteristics
configure:10740: result: no
configure:10847: checking how to hardcode library paths into programs
configure:10872: result: immediate
configure:11412: checking whether stripping libraries is possible
configure:11417: result: yes
configure:11452: checking if libtool supports shared libraries
configure:11454: result: no
configure:11457: checking whether to build shared libraries
configure:11478: result: no
configure:11481: checking whether to build static libraries
configure:11485: result: yes
configure:11531: checking for arm-gcc
configure:11558: result: armv5-linux-gcc
configure:11827: checking for C compiler version
configure:11836: armv5-linux-gcc --version >&5
armv5-linux-gcc (GCC) 4.7.2 20130102 (STMicroelectronics/Linux Base 4.7.2-120)
Copyright (C) 2012 Free Software Foundation, Inc.
This is free software; see the source for copying conditions.  There is NO
warranty; not even for MERCHANTABILITY or FITNESS FOR A PARTICULAR PURPOSE.

configure:11847: $? = 0
configure:11836: armv5-linux-gcc -v >&5
Using built-in specs.
COLLECT_GCC=armv5-linux-gcc
COLLECT_LTO_WRAPPER=/opt/STM/STLinux-2.4/devkit/armv5/libexec/gcc/arm-926ejs-linux-gnueabi/4.7.2/lto-wrapper
Target: arm-926ejs-linux-gnueabi
Configured with: ../configure --target=arm-926ejs-linux-gnueabi --prefix=/opt/STM/STLinux-2.4/devkit/armv5 --exec-prefix=/opt/STM/STLinux-2.4/devkit/armv5 --bindir=/opt/STM/STLinux-2.4/devkit/armv5/bin --sbindir=/opt/STM/STLinux-2.4/devkit/armv5/sbin --sysconfdir=/opt/STM/STLinux-2.4/devkit/armv5/etc --datadir=/opt/STM/STLinux-2.4/devkit/armv5/share --includedir=/opt/STM/STLinux-2.4/devkit/armv5/include --libdir=/opt/STM/STLinux-2.4/devkit/armv5/lib --libexecdir=/opt/STM/STLinux-2.4/devkit/armv5/libexec --localstatedir=/opt/STM/STLinux-2.4/devkit/armv5/var --sharedstatedir=/opt/STM/STLinux-2.4/devkit/armv5/share --mandir=/opt/STM/STLinux-2.4/devkit/armv5/man --infodir=/opt/STM/STLinux-2.4/devkit/armv5/info --program-prefix=armv5-linux- --with-local-prefix=/opt/STM/STLinux-2.4/devkit/armv5 --with-sysroot=/opt/STM/STLinux-2.4/devkit/armv5/target --enable-target-optspace --enable-languages=c,c++ --enable-threads=posix --disable-multilib --enable-nls --enable-c99 --enable-long-long --with-system-zlib --enable-shared --disable-libgomp --with-pkgversion=GCC --with-bugurl=https://bugzilla.stlinux.com --disable-libitm --enable-symvers=gnu --with-mpc=/opt/STM/STLinux-2.4/devkit/armv5 --with-gmp=/opt/STM/STLinux-2.4/devkit/armv5 --with-mpfr=/opt/STM/STLinux-2.4/devkit/armv5 --without-ppl --with-gxx-include-dir='${prefix}/target/usr/include/c++/4.7.2' --enable-__cxa_atexit --with-float=soft --enable-cxx-flags=-msoft-float --with-tls=gnu2 --with-cpu=arm926ej-s
Thread model: posix
gcc version 4.7.2 20130102 (STMicroelectronics/Linux Base 4.7.2-120) (GCC) 
configure:11847: $? = 0
configure:11836: armv5-linux-gcc -V >&5
armv5-linux-gcc: error: unrecognized command line option '-V'
armv5-linux-gcc: fatal error: no input files
compilation terminated.
configure:11847: $? = 1
configure:11836: armv5-linux-gcc -qversion >&5
armv5-linux-gcc: error: unrecognized command line option '-qversion'
armv5-linux-gcc: fatal error: no input files
compilation terminated.
configure:11847: $? = 1
configure:11851: checking whether we are using the GNU C compiler
configure:11879: result: yes
configure:11888: checking whether armv5-linux-gcc accepts -g
configure:11949: result: yes
configure:11966: checking for armv5-linux-gcc option to accept ISO C89
configure:12043: result: none needed
configure:12065: checking dependency style of armv5-linux-gcc
configure:12175: result: gcc3
configure:12191: checking whether armv5-linux-gcc and cc understand -c and -o together
configure:12222: armv5-linux-gcc -c conftest.c -o conftest2.o >&5
configure:12226: $? = 0
configure:12232: armv5-linux-gcc -c conftest.c -o conftest2.o >&5
configure:12236: $? = 0
configure:12247: cc -c conftest.c >&5
configure:12251: $? = 0
configure:12259: cc -c conftest.c -o conftest2.o >&5
configure:12263: $? = 0
configure:12269: cc -c conftest.c -o conftest2.o >&5
configure:12273: $? = 0
configure:12291: result: yes
configure:12428: checking for C++ compiler version
configure:12437: armv5-linux-g++ --version >&5
armv5-linux-g++ (GCC) 4.7.2 20130102 (STMicroelectronics/Linux Base 4.7.2-120)
Copyright (C) 2012 Free Software Foundation, Inc.
This is free software; see the source for copying conditions.  There is NO
warranty; not even for MERCHANTABILITY or FITNESS FOR A PARTICULAR PURPOSE.

configure:12448: $? = 0
configure:12437: armv5-linux-g++ -v >&5
Using built-in specs.
COLLECT_GCC=armv5-linux-g++
COLLECT_LTO_WRAPPER=/opt/STM/STLinux-2.4/devkit/armv5/libexec/gcc/arm-926ejs-linux-gnueabi/4.7.2/lto-wrapper
Target: arm-926ejs-linux-gnueabi
Configured with: ../configure --target=arm-926ejs-linux-gnueabi --prefix=/opt/STM/STLinux-2.4/devkit/armv5 --exec-prefix=/opt/STM/STLinux-2.4/devkit/armv5 --bindir=/opt/STM/STLinux-2.4/devkit/armv5/bin --sbindir=/opt/STM/STLinux-2.4/devkit/armv5/sbin --sysconfdir=/opt/STM/STLinux-2.4/devkit/armv5/etc --datadir=/opt/STM/STLinux-2.4/devkit/armv5/share --includedir=/opt/STM/STLinux-2.4/devkit/armv5/include --libdir=/opt/STM/STLinux-2.4/devkit/armv5/lib --libexecdir=/opt/STM/STLinux-2.4/devkit/armv5/libexec --localstatedir=/opt/STM/STLinux-2.4/devkit/armv5/var --sharedstatedir=/opt/STM/STLinux-2.4/devkit/armv5/share --mandir=/opt/STM/STLinux-2.4/devkit/armv5/man --infodir=/opt/STM/STLinux-2.4/devkit/armv5/info --program-prefix=armv5-linux- --with-local-prefix=/opt/STM/STLinux-2.4/devkit/armv5 --with-sysroot=/opt/STM/STLinux-2.4/devkit/armv5/target --enable-target-optspace --enable-languages=c,c++ --enable-threads=posix --disable-multilib --enable-nls --enable-c99 --enable-long-long --with-system-zlib --enable-shared --disable-libgomp --with-pkgversion=GCC --with-bugurl=https://bugzilla.stlinux.com --disable-libitm --enable-symvers=gnu --with-mpc=/opt/STM/STLinux-2.4/devkit/armv5 --with-gmp=/opt/STM/STLinux-2.4/devkit/armv5 --with-mpfr=/opt/STM/STLinux-2.4/devkit/armv5 --without-ppl --with-gxx-include-dir='${prefix}/target/usr/include/c++/4.7.2' --enable-__cxa_atexit --with-float=soft --enable-cxx-flags=-msoft-float --with-tls=gnu2 --with-cpu=arm926ej-s
Thread model: posix
gcc version 4.7.2 20130102 (STMicroelectronics/Linux Base 4.7.2-120) (GCC) 
configure:12448: $? = 0
configure:12437: armv5-linux-g++ -V >&5
armv5-linux-g++: error: unrecognized command line option '-V'
armv5-linux-g++: fatal error: no input files
compilation terminated.
configure:12448: $? = 1
configure:12437: armv5-linux-g++ -qversion >&5
armv5-linux-g++: error: unrecognized command line option '-qversion'
armv5-linux-g++: fatal error: no input files
compilation terminated.
configure:12448: $? = 1
configure:12452: checking whether we are using the GNU C++ compiler
configure:12471: armv5-linux-g++ -c   conftest.cpp >&5
configure:12471: $? = 0
configure:12480: result: yes
configure:12489: checking whether armv5-linux-g++ accepts -g
configure:12509: armv5-linux-g++ -c -g  conftest.cpp >&5
configure:12509: $? = 0
configure:12550: result: yes
configure:12575: checking dependency style of armv5-linux-g++
configure:12685: result: gcc3
configure:12718: checking how to run the C++ preprocessor
configure:12745: armv5-linux-g++ -E  conftest.cpp
configure:12745: $? = 0
configure:12759: armv5-linux-g++ -E  conftest.cpp
conftest.cpp:29:28: fatal error: ac_nonexistent.h: No such file or directory
compilation terminated.
configure:12759: $? = 1
configure: failed program was:
| /* confdefs.h */
| #define PACKAGE_NAME "libconfig"
| #define PACKAGE_TARNAME "libconfig"
| #define PACKAGE_VERSION "1.4.9"
| #define PACKAGE_STRING "libconfig 1.4.9"
| #define PACKAGE_BUGREPORT "hyperrealm@gmail.com"
| #define PACKAGE_URL "http://www.hyperrealm.com/main.php?s=libconfig"
| #define PACKAGE "libconfig"
| #define VERSION "1.4.9"
| #define TARGET "arm-unknown-none"
| #define STDC_HEADERS 1
| #define HAVE_SYS_TYPES_H 1
| #define HAVE_SYS_STAT_H 1
| #define HAVE_STDLIB_H 1
| #define HAVE_STRING_H 1
| #define HAVE_MEMORY_H 1
| #define HAVE_STRINGS_H 1
| #define HAVE_INTTYPES_H 1
| #define HAVE_STDINT_H 1
| #define HAVE_UNISTD_H 1
| #define __EXTENSIONS__ 1
| #define _ALL_SOURCE 1
| #define _GNU_SOURCE 1
| #define _POSIX_PTHREAD_SEMANTICS 1
| #define _TANDEM_SOURCE 1
| #define HAVE_DLFCN_H 1
| #define LT_OBJDIR ".libs/"
| /* end confdefs.h.  */
| #include <ac_nonexistent.h>
configure:12784: result: armv5-linux-g++ -E
configure:12804: armv5-linux-g++ -E  conftest.cpp
configure:12804: $? = 0
configure:12818: armv5-linux-g++ -E  conftest.cpp
conftest.cpp:29:28: fatal error: ac_nonexistent.h: No such file or directory
compilation terminated.
configure:12818: $? = 1
configure: failed program was:
| /* confdefs.h */
| #define PACKAGE_NAME "libconfig"
| #define PACKAGE_TARNAME "libconfig"
| #define PACKAGE_VERSION "1.4.9"
| #define PACKAGE_STRING "libconfig 1.4.9"
| #define PACKAGE_BUGREPORT "hyperrealm@gmail.com"
| #define PACKAGE_URL "http://www.hyperrealm.com/main.php?s=libconfig"
| #define PACKAGE "libconfig"
| #define VERSION "1.4.9"
| #define TARGET "arm-unknown-none"
| #define STDC_HEADERS 1
| #define HAVE_SYS_TYPES_H 1
| #define HAVE_SYS_STAT_H 1
| #define HAVE_STDLIB_H 1
| #define HAVE_STRING_H 1
| #define HAVE_MEMORY_H 1
| #define HAVE_STRINGS_H 1
| #define HAVE_INTTYPES_H 1
| #define HAVE_STDINT_H 1
| #define HAVE_UNISTD_H 1
| #define __EXTENSIONS__ 1
| #define _ALL_SOURCE 1
| #define _GNU_SOURCE 1
| #define _POSIX_PTHREAD_SEMANTICS 1
| #define _TANDEM_SOURCE 1
| #define HAVE_DLFCN_H 1
| #define LT_OBJDIR ".libs/"
| /* end confdefs.h.  */
| #include <ac_nonexistent.h>
configure:12987: checking for ld used by armv5-linux-g++
configure:13054: result: /opt/STM/STLinux-2.4/devkit/armv5/arm-926ejs-linux-gnueabi/bin/ld
configure:13061: checking if the linker (/opt/STM/STLinux-2.4/devkit/armv5/arm-926ejs-linux-gnueabi/bin/ld) is GNU ld
configure:13076: result: yes
configure:13131: checking whether the armv5-linux-g++ linker (/opt/STM/STLinux-2.4/devkit/armv5/arm-926ejs-linux-gnueabi/bin/ld) supports shared libraries
configure:14136: result: no
configure:14172: armv5-linux-g++ -c -g -O2  conftest.cpp >&5
configure:14175: $? = 0
configure:14695: checking for armv5-linux-g++ option to produce PIC
configure:14702: result: -fPIC -DPIC
configure:14710: checking if armv5-linux-g++ PIC flag -fPIC -DPIC works
configure:14728: armv5-linux-g++ -c -g -O2  -fPIC -DPIC -DPIC conftest.cpp >&5
configure:14732: $? = 0
configure:14745: result: yes
configure:14768: checking if armv5-linux-g++ static flag -static works
configure:14796: result: yes
configure:14808: checking if armv5-linux-g++ supports -c -o file.o
configure:14829: armv5-linux-g++ -c -g -O2  -o out/conftest2.o conftest.cpp >&5
configure:14833: $? = 0
configure:14855: result: yes
configure:14860: checking if armv5-linux-g++ supports -c -o file.o
configure:14907: result: yes
configure:14937: checking whether the armv5-linux-g++ linker (/opt/STM/STLinux-2.4/devkit/armv5/arm-926ejs-linux-gnueabi/bin/ld) supports shared libraries
configure:14973: result: no
configure:15114: checking dynamic linker characteristics
configure:15781: result: no
configure:15834: checking how to hardcode library paths into programs
configure:15859: result: immediate
configure:16202: checking for flex
configure:16232: result: no
configure:16202: checking for lex
configure:16232: result: no
configure:16373: checking for bison
configure:16403: result: no
configure:16373: checking for byacc
configure:16403: result: no
configure:16422: checking for compiler switch to enable full C/C++ warnings
configure:16443: result: (cannot determine)
configure:16448: checking for ANSI C header files
configure:16552: result: yes
configure:16563: checking for unistd.h
configure:16563: result: yes
configure:16563: checking for stdint.h
configure:16563: result: yes
configure:16563: checking xlocale.h usability
configure:16563: armv5-linux-gcc -c -g -O2  conftest.c >&5
configure:16563: $? = 0
configure:16563: result: yes
configure:16563: checking xlocale.h presence
configure:16563: armv5-linux-gcc -E  conftest.c
configure:16563: $? = 0
configure:16563: result: yes
configure:16563: checking for xlocale.h
configure:16563: result: yes
configure:16574: checking for an ANSI C-conforming const
configure:16639: armv5-linux-gcc -c -g -O2  conftest.c >&5
configure:16639: $? = 0
configure:16646: result: yes
configure:16659: checking for newlocale
configure:16659: armv5-linux-gcc -o conftest -g -O2   conftest.c  >&5
configure:16659: $? = 0
configure:16659: result: yes
configure:16659: checking for uselocale
configure:16659: armv5-linux-gcc -o conftest -g -O2   conftest.c  >&5
configure:16659: $? = 0
configure:16659: result: yes
configure:16659: checking for freelocale
configure:16659: armv5-linux-gcc -o conftest -g -O2   conftest.c  >&5
configure:16659: $? = 0
configure:16659: result: yes
configure:16882: creating ./config.status

## ---------------------- ##
## Running config.status. ##
## ---------------------- ##

This file was extended by libconfig config.status 1.4.9, which was
generated by GNU Autoconf 2.68.  Invocation command line was

  CONFIG_FILES    = 
  CONFIG_HEADERS  = 
  CONFIG_LINKS    = 
  CONFIG_COMMANDS = 
  $ ./config.status 

on ubuntu

config.status:1188: creating Makefile
config.status:1188: creating lib/Makefile
config.status:1188: creating lib/libconfig.pc
config.status:1188: creating lib/libconfig++.pc
config.status:1188: creating doc/Makefile
config.status:1188: creating examples/Makefile
config.status:1188: creating examples/c/Makefile
config.status:1188: creating examples/c++/Makefile
config.status:1188: creating tinytest/Makefile
config.status:1188: creating tests/Makefile
config.status:1188: creating libconfig.spec
config.status:1188: creating ac_config.h
config.status:1369: ac_config.h is unchanged
config.status:1417: executing depfiles commands
config.status:1417: executing libtool commands

## ---------------- ##
## Cache variables. ##
## ---------------- ##

ac_cv_build=i686-pc-linux-gnu
ac_cv_c_compiler_gnu=yes
ac_cv_c_const=yes
ac_cv_cxx_compiler_gnu=yes
ac_cv_env_CCC_set=
ac_cv_env_CCC_value=
ac_cv_env_CC_set=set
ac_cv_env_CC_value=armv5-linux-gcc
ac_cv_env_CFLAGS_set=
ac_cv_env_CFLAGS_value=
ac_cv_env_CPPFLAGS_set=
ac_cv_env_CPPFLAGS_value=
ac_cv_env_CPP_set=
ac_cv_env_CPP_value=
ac_cv_env_CXXCPP_set=
ac_cv_env_CXXCPP_value=
ac_cv_env_CXXFLAGS_set=
ac_cv_env_CXXFLAGS_value=
ac_cv_env_CXX_set=set
ac_cv_env_CXX_value=armv5-linux-g++
ac_cv_env_LDFLAGS_set=
ac_cv_env_LDFLAGS_value=
ac_cv_env_LIBS_set=
ac_cv_env_LIBS_value=
ac_cv_env_YACC_set=
ac_cv_env_YACC_value=
ac_cv_env_YFLAGS_set=
ac_cv_env_YFLAGS_value=
ac_cv_env_build_alias_set=
ac_cv_env_build_alias_value=
ac_cv_env_host_alias_set=set
ac_cv_env_host_alias_value=arm
ac_cv_env_target_alias_set=
ac_cv_env_target_alias_value=
ac_cv_func_freelocale=yes
ac_cv_func_newlocale=yes
ac_cv_func_uselocale=yes
ac_cv_header_dlfcn_h=yes
ac_cv_header_inttypes_h=yes
ac_cv_header_memory_h=yes
ac_cv_header_minix_config_h=no
ac_cv_header_stdc=yes
ac_cv_header_stdint_h=yes
ac_cv_header_stdlib_h=yes
ac_cv_header_string_h=yes
ac_cv_header_strings_h=yes
ac_cv_header_sys_stat_h=yes
ac_cv_header_sys_types_h=yes
ac_cv_header_unistd_h=yes
ac_cv_header_xlocale_h=yes
ac_cv_host=arm-unknown-none
ac_cv_objext=o
ac_cv_path_EGREP='/bin/grep -E'
ac_cv_path_FGREP='/bin/grep -F'
ac_cv_path_GREP=/bin/grep
ac_cv_path_SED=/bin/sed
ac_cv_path_install='/usr/bin/install -c'
ac_cv_path_mkdir=/bin/mkdir
ac_cv_prog_AWK=mawk
ac_cv_prog_CC=armv5-linux-gcc
ac_cv_prog_CPP='armv5-linux-gcc -E'
ac_cv_prog_CXXCPP='armv5-linux-g++ -E'
ac_cv_prog_STRIP=strip
ac_cv_prog_ac_ct_AR=ar
ac_cv_prog_ac_ct_DUMPBIN='link -dump'
ac_cv_prog_ac_ct_MANIFEST_TOOL=mt
ac_cv_prog_ac_ct_OBJDUMP=objdump
ac_cv_prog_ac_ct_RANLIB=ranlib
ac_cv_prog_ac_ct_STRIP=strip
ac_cv_prog_cc_armv5_linux_gcc_c_o=yes
ac_cv_prog_cc_c89=
ac_cv_prog_cc_g=yes
ac_cv_prog_cxx_g=yes
ac_cv_prog_make_make_set=yes
ac_cv_safe_to_define___extensions__=yes
ac_cv_target=arm-unknown-none
am_cv_CC_dependencies_compiler_type=gcc3
am_cv_CXX_dependencies_compiler_type=gcc3
lt_cv_ar_at_file=@
lt_cv_archive_cmds_need_lc=no
lt_cv_deplibs_check_method=unknown
lt_cv_file_magic_cmd='$MAGIC_CMD'
lt_cv_file_magic_test_file=
lt_cv_ld_reload_flag=-r
lt_cv_nm_interface='BSD nm'
lt_cv_objdir=.libs
lt_cv_path_LD=/opt/STM/STLinux-2.4/devkit/armv5/arm-926ejs-linux-gnueabi/bin/ld
lt_cv_path_LDCXX=/opt/STM/STLinux-2.4/devkit/armv5/arm-926ejs-linux-gnueabi/bin/ld
lt_cv_path_NM=no
lt_cv_path_mainfest_tool=no
lt_cv_prog_compiler_c_o=yes
lt_cv_prog_compiler_c_o_CXX=yes
lt_cv_prog_compiler_pic='-fPIC -DPIC'
lt_cv_prog_compiler_pic_CXX='-fPIC -DPIC'
lt_cv_prog_compiler_pic_works=yes
lt_cv_prog_compiler_pic_works_CXX=yes
lt_cv_prog_compiler_rtti_exceptions=no
lt_cv_prog_compiler_static_works=yes
lt_cv_prog_compiler_static_works_CXX=yes
lt_cv_prog_gnu_ld=yes
lt_cv_prog_gnu_ldcxx=yes
lt_cv_sharedlib_from_linklib_cmd='printf %s\n'
lt_cv_sys_global_symbol_pipe='sed -n -e '\''s/^.*[	 ]\([ABCDGIRSTW][ABCDGIRSTW]*\)[	 ][	 ]*\([_A-Za-z][_A-Za-z0-9]*\)$/\1 \2 \2/p'\'' | sed '\''/ __gnu_lto/d'\'''
lt_cv_sys_global_symbol_to_c_name_address='sed -n -e '\''s/^: \([^ ]*\)[ ]*$/  {\"\1\", (void *) 0},/p'\'' -e '\''s/^[ABCDGIRSTW]* \([^ ]*\) \([^ ]*\)$/  {"\2", (void *) \&\2},/p'\'''
lt_cv_sys_global_symbol_to_c_name_address_lib_prefix='sed -n -e '\''s/^: \([^ ]*\)[ ]*$/  {\"\1\", (void *) 0},/p'\'' -e '\''s/^[ABCDGIRSTW]* \([^ ]*\) \(lib[^ ]*\)$/  {"\2", (void *) \&\2},/p'\'' -e '\''s/^[ABCDGIRSTW]* \([^ ]*\) \([^ ]*\)$/  {"lib\2", (void *) \&\2},/p'\'''
lt_cv_sys_global_symbol_to_cdecl='sed -n -e '\''s/^T .* \(.*\)$/extern int \1();/p'\'' -e '\''s/^[ABCDGIRSTW]* .* \(.*\)$/extern char \1;/p'\'''
lt_cv_sys_max_cmd_len=1572864
lt_cv_to_host_file_cmd=func_convert_file_noop
lt_cv_to_tool_file_cmd=func_convert_file_noop

## ----------------- ##
## Output variables. ##
## ----------------- ##

ACLOCAL='${SHELL} /home/xtra/work/ftm-50s/rootfs/apps/libconfig-1.4.9/aux-build/missing --run aclocal-1.11'
AMDEPBACKSLASH='\'
AMDEP_FALSE='#'
AMDEP_TRUE=''
AMTAR='${SHELL} /home/xtra/work/ftm-50s/rootfs/apps/libconfig-1.4.9/aux-build/missing --run tar'
AR='ar'
AS='as'
AUTOCONF='${SHELL} /home/xtra/work/ftm-50s/rootfs/apps/libconfig-1.4.9/aux-build/missing --run autoconf'
AUTOHEADER='${SHELL} /home/xtra/work/ftm-50s/rootfs/apps/libconfig-1.4.9/aux-build/missing --run autoheader'
AUTOMAKE='${SHELL} /home/xtra/work/ftm-50s/rootfs/apps/libconfig-1.4.9/aux-build/missing --run automake-1.11'
AWK='mawk'
BUILDCXX_FALSE='#'
BUILDCXX_TRUE=''
BUILDEXAMPLES_FALSE='#'
BUILDEXAMPLES_TRUE=''
CC='armv5-linux-gcc'
CCDEPMODE='depmode=gcc3'
CFLAGS='-g -O2'
CPP='armv5-linux-gcc -E'
CPPFLAGS=''
CXX='armv5-linux-g++'
CXXCPP='armv5-linux-g++ -E'
CXXDEPMODE='depmode=gcc3'
CXXFLAGS='-g -O2'
CYGPATH_W='echo'
DEFS='-DHAVE_CONFIG_H'
DEPDIR='.deps'
DLLTOOL='false'
DSYMUTIL=''
DUMPBIN=':'
ECHO_C=''
ECHO_N='-n'
ECHO_T=''
EGREP='/bin/grep -E'
EXEEXT=''
FGREP='/bin/grep -F'
GNU_WIN_FALSE=''
GNU_WIN_TRUE='#'
GREP='/bin/grep'
INSTALL_DATA='${INSTALL} -m 644'
INSTALL_PROGRAM='${INSTALL}'
INSTALL_SCRIPT='${INSTALL}'
INSTALL_STRIP_PROGRAM='$(install_sh) -c -s'
LD='/opt/STM/STLinux-2.4/devkit/armv5/arm-926ejs-linux-gnueabi/bin/ld'
LDFLAGS=''
LEX='${SHELL} /home/xtra/work/ftm-50s/rootfs/apps/libconfig-1.4.9/aux-build/missing --run flex'
LEXLIB=''
LEX_OUTPUT_ROOT=''
LIBOBJS=''
LIBS=''
LIBTOOL='$(SHELL) $(top_builddir)/libtool'
LIPO=''
LN_S='ln -s'
LTLIBOBJS=''
MAKEINFO='${SHELL} /home/xtra/work/ftm-50s/rootfs/apps/libconfig-1.4.9/aux-build/missing --run makeinfo'
MANIFEST_TOOL=':'
MKDIR_P='/bin/mkdir -p'
NM='nm'
NMEDIT=''
OBJDUMP='objdump'
OBJEXT='o'
OTOOL64=''
OTOOL=''
PACKAGE='libconfig'
PACKAGE_BUGREPORT='hyperrealm@gmail.com'
PACKAGE_NAME='libconfig'
PACKAGE_STRING='libconfig 1.4.9'
PACKAGE_TARNAME='libconfig'
PACKAGE_URL='http://www.hyperrealm.com/main.php?s=libconfig'
PACKAGE_VERSION='1.4.9'
PATH_SEPARATOR=':'
RANLIB='ranlib'
SED='/bin/sed'
SET_MAKE=''
SHELL='/bin/bash'
STRIP='strip'
VERSION='1.4.9'
YACC='yacc'
YFLAGS=''
ac_ct_AR='ar'
ac_ct_CC=''
ac_ct_CXX=''
ac_ct_DUMPBIN='link -dump'
am__EXEEXT_FALSE=''
am__EXEEXT_TRUE='#'
am__fastdepCC_FALSE='#'
am__fastdepCC_TRUE=''
am__fastdepCXX_FALSE='#'
am__fastdepCXX_TRUE=''
am__include='include'
am__isrc=''
am__leading_dot='.'
am__quote=''
am__tar='${AMTAR} chof - "$$tardir"'
am__untar='${AMTAR} xf -'
bindir='${exec_prefix}/bin'
build='i686-pc-linux-gnu'
build_alias=''
build_cpu='i686'
build_os='linux-gnu'
build_vendor='pc'
datadir='${datarootdir}'
datarootdir='${prefix}/share'
docdir='${datarootdir}/doc/${PACKAGE_TARNAME}'
dvidir='${docdir}'
exec_prefix='${prefix}'
host='arm-unknown-none'
host_alias='arm'
host_cpu='arm'
host_os='none'
host_vendor='unknown'
htmldir='${docdir}'
includedir='${prefix}/include'
infodir='${datarootdir}/info'
install_sh='${SHELL} /home/xtra/work/ftm-50s/rootfs/apps/libconfig-1.4.9/aux-build/install-sh'
libdir='${exec_prefix}/lib'
libexecdir='${exec_prefix}/libexec'
localedir='${datarootdir}/locale'
localstatedir='${prefix}/var'
mandir='${datarootdir}/man'
mkdir_p='/bin/mkdir -p'
oldincludedir='/usr/include'
pdfdir='${docdir}'
prefix='/home/xtra/work/ftm-50s/rootfs'
program_transform_name='s,x,x,'
psdir='${docdir}'
sbindir='${exec_prefix}/sbin'
sharedstatedir='${prefix}/com'
sysconfdir='${prefix}/etc'
target='arm-unknown-none'
target_alias=''
target_cpu='arm'
target_os='none'
target_vendor='unknown'

## ----------- ##
## confdefs.h. ##
## ----------- ##

/* confdefs.h */
#define PACKAGE_NAME "libconfig"
#define PACKAGE_TARNAME "libconfig"
#define PACKAGE_VERSION "1.4.9"
#define PACKAGE_STRING "libconfig 1.4.9"
#define PACKAGE_BUGREPORT "hyperrealm@gmail.com"
#define PACKAGE_URL "http://www.hyperrealm.com/main.php?s=libconfig"
#define PACKAGE "libconfig"
#define VERSION "1.4.9"
#define TARGET "arm-unknown-none"
#define STDC_HEADERS 1
#define HAVE_SYS_TYPES_H 1
#define HAVE_SYS_STAT_H 1
#define HAVE_STDLIB_H 1
#define HAVE_STRING_H 1
#define HAVE_MEMORY_H 1
#define HAVE_STRINGS_H 1
#define HAVE_INTTYPES_H 1
#define HAVE_STDINT_H 1
#define HAVE_UNISTD_H 1
#define __EXTENSIONS__ 1
#define _ALL_SOURCE 1
#define _GNU_SOURCE 1
#define _POSIX_PTHREAD_SEMANTICS 1
#define _TANDEM_SOURCE 1
#define HAVE_DLFCN_H 1
#define LT_OBJDIR ".libs/"
#define STDC_HEADERS 1
#define HAVE_UNISTD_H 1
#define HAVE_STDINT_H 1
#define HAVE_XLOCALE_H 1
#define HAVE_NEWLOCALE 1
#define HAVE_USELOCALE 1
#define HAVE_FREELOCALE 1

configure: exit 0
